TN:
SF:src/components/ArticuloForm.tsx
FN:19,(anonymous_0)
FN:36,(anonymous_1)
FN:45,(anonymous_2)
FN:58,(anonymous_3)
FN:86,(anonymous_4)
FN:114,(anonymous_5)
FN:126,(anonymous_6)
FNF:7
FNH:0
FNDA:0,(anonymous_0)
FNDA:0,(anonymous_1)
FNDA:0,(anonymous_2)
FNDA:0,(anonymous_3)
FNDA:0,(anonymous_4)
FNDA:0,(anonymous_5)
FNDA:0,(anonymous_6)
DA:19,0
DA:20,0
DA:21,0
DA:22,0
DA:23,0
DA:24,0
DA:26,0
DA:29,0
DA:36,0
DA:37,0
DA:38,0
DA:40,0
DA:44,0
DA:46,0
DA:58,0
DA:59,0
DA:61,0
DA:62,0
DA:63,0
DA:66,0
DA:67,0
DA:68,0
DA:75,0
DA:76,0
DA:79,0
DA:80,0
DA:82,0
DA:86,0
DA:87,0
DA:89,0
DA:90,0
DA:91,0
DA:94,0
DA:95,0
DA:96,0
DA:103,0
DA:104,0
DA:107,0
DA:108,0
DA:110,0
DA:114,0
DA:115,0
DA:126,0
DA:127,0
DA:130,0
DA:180,0
LF:46
LH:0
BRDA:37,0,0,0
BRDA:37,0,1,0
BRDA:61,1,0,0
BRDA:61,1,1,0
BRDA:75,2,0,0
BRDA:75,2,1,0
BRDA:75,3,0,0
BRDA:75,3,1,0
BRDA:89,4,0,0
BRDA:89,4,1,0
BRDA:103,5,0,0
BRDA:103,5,1,0
BRDA:103,6,0,0
BRDA:103,6,1,0
BRDA:137,7,0,0
BRDA:137,7,1,0
BRDA:173,8,0,0
BRDA:173,8,1,0
BRF:18
BRH:0
end_of_record
TN:
SF:src/components/ArticuloList.tsx
FN:27,(anonymous_0)
FN:41,(anonymous_1)
FN:52,(anonymous_2)
FN:64,(anonymous_3)
FN:68,(anonymous_4)
FN:75,(anonymous_5)
FN:84,(anonymous_6)
FN:101,(anonymous_7)
FN:104,(anonymous_8)
FN:174,(anonymous_9)
FN:181,(anonymous_10)
FN:193,(anonymous_11)
FNF:12
FNH:0
FNDA:0,(anonymous_0)
FNDA:0,(anonymous_1)
FNDA:0,(anonymous_2)
FNDA:0,(anonymous_3)
FNDA:0,(anonymous_4)
FNDA:0,(anonymous_5)
FNDA:0,(anonymous_6)
FNDA:0,(anonymous_7)
FNDA:0,(anonymous_8)
FNDA:0,(anonymous_9)
FNDA:0,(anonymous_10)
FNDA:0,(anonymous_11)
DA:27,0
DA:34,0
DA:35,0
DA:36,0
DA:37,0
DA:38,0
DA:39,0
DA:41,0
DA:42,0
DA:43,0
DA:44,0
DA:45,0
DA:46,0
DA:48,0
DA:51,0
DA:52,0
DA:55,0
DA:57,0
DA:58,0
DA:60,0
DA:64,0
DA:65,0
DA:68,0
DA:69,0
DA:70,0
DA:71,0
DA:74,0
DA:76,0
DA:85,0
DA:86,0
DA:87,0
DA:89,0
DA:90,0
DA:100,0
DA:102,0
DA:104,0
DA:174,0
DA:182,0
DA:192,0
DA:193,0
DA:197,0
DA:253,0
LF:42
LH:0
BRDA:31,0,0,0
BRDA:32,1,0,0
BRDA:45,2,0,0
BRDA:45,2,1,0
BRDA:51,3,0,0
BRDA:51,3,1,0
BRDA:111,4,0,0
BRDA:111,4,1,0
BRDA:182,5,0,0
BRDA:182,5,1,0
BRDA:193,6,0,0
BRDA:193,6,1,0
BRDA:218,7,0,0
BRDA:218,7,1,0
BRDA:235,8,0,0
BRDA:235,8,1,0
BRF:16
BRH:0
end_of_record
TN:
SF:src/components/form/ActionButtons.tsx
FN:14,(anonymous_0)
FNF:1
FNH:0
FNDA:0,(anonymous_0)
DA:14,0
DA:20,0
DA:21,0
DA:23,0
DA:48,0
LF:5
LH:0
BRDA:17,0,0,0
BRDA:18,1,0,0
BRDA:42,2,0,0
BRDA:42,2,1,0
BRF:4
BRH:0
end_of_record
TN:
SF:src/components/form/DataSection.tsx
FN:17,(anonymous_0)
FN:48,(anonymous_1)
FN:64,(anonymous_2)
FN:73,(anonymous_3)
FN:87,(anonymous_4)
FN:101,(anonymous_5)
FN:113,(anonymous_6)
FNF:7
FNH:0
FNDA:0,(anonymous_0)
FNDA:0,(anonymous_1)
FNDA:0,(anonymous_2)
FNDA:0,(anonymous_3)
FNDA:0,(anonymous_4)
FNDA:0,(anonymous_5)
FNDA:0,(anonymous_6)
DA:16,0
DA:18,0
DA:20,0
DA:40,0
DA:48,0
DA:52,0
DA:53,0
DA:55,0
DA:64,0
DA:74,0
DA:88,0
DA:101,0
DA:113,0
DA:122,0
LF:14
LH:0
BRDA:17,0,0,0
BRDA:63,1,0,0
BRDA:63,1,1,0
BRDA:72,2,0,0
BRDA:72,2,1,0
BRDA:74,3,0,0
BRDA:74,3,1,0
BRDA:86,4,0,0
BRDA:86,4,1,0
BRDA:88,5,0,0
BRDA:88,5,1,0
BRDA:100,6,0,0
BRDA:100,6,1,0
BRDA:112,7,0,0
BRDA:112,7,1,0
BRF:15
BRH:0
end_of_record
TN:
SF:src/components/form/ImageSection.tsx
FN:14,(anonymous_0)
FNF:1
FNH:0
FNDA:0,(anonymous_0)
DA:14,0
DA:19,0
DA:20,0
DA:22,0
DA:67,0
LF:5
LH:0
BRDA:34,0,0,0
BRDA:34,0,1,0
BRDA:54,1,0,0
BRDA:54,1,1,0
BRF:4
BRH:0
end_of_record
TN:
SF:src/components/form/NotesSection.tsx
FN:13,(anonymous_0)
FN:32,(anonymous_1)
FNF:2
FNH:0
FNDA:0,(anonymous_0)
FNDA:0,(anonymous_1)
DA:13,0
DA:17,0
DA:18,0
DA:20,0
DA:32,0
DA:47,0
LF:6
LH:0
BRDA:31,0,0,0
BRDA:31,0,1,0
BRF:2
BRH:0
end_of_record
TN:
SF:src/constants/app.ts
FNF:0
FNH:0
DA:2,2
DA:5,2
DA:22,2
LF:3
LH:3
BRF:0
BRH:0
end_of_record
TN:
SF:src/context/SnackbarContext.tsx
FN:46,(anonymous_0)
FN:57,(anonymous_1)
FN:58,(anonymous_2)
FN:62,(anonymous_3)
FN:84,(anonymous_4)
FN:91,(anonymous_5)
FN:98,(anonymous_6)
FN:105,(anonymous_7)
FN:147,(anonymous_8)
FNF:9
FNH:0
FNDA:0,(anonymous_0)
FNDA:0,(anonymous_1)
FNDA:0,(anonymous_2)
FNDA:0,(anonymous_3)
FNDA:0,(anonymous_4)
FNDA:0,(anonymous_5)
FNDA:0,(anonymous_6)
FNDA:0,(anonymous_7)
FNDA:0,(anonymous_8)
DA:39,0
DA:43,0
DA:44,0
DA:46,0
DA:49,0
DA:50,0
DA:57,0
DA:58,0
DA:61,0
DA:70,0
DA:83,0
DA:85,0
DA:90,0
DA:92,0
DA:97,0
DA:99,0
DA:105,0
DA:106,0
DA:108,0
DA:110,0
DA:113,0
DA:117,0
DA:147,0
DA:148,0
DA:149,0
DA:150,0
DA:152,0
LF:27
LH:0
BRDA:64,0,0,0
BRDA:75,1,0,0
BRDA:75,1,1,0
BRDA:76,2,0,0
BRDA:76,2,1,0
BRDA:106,3,0,0
BRDA:106,3,1,0
BRDA:106,3,2,0
BRDA:106,3,3,0
BRDA:149,4,0,0
BRDA:149,4,1,0
BRF:11
BRH:0
end_of_record
TN:
SF:src/context/ThemeContext.tsx
FN:159,(anonymous_0)
FN:160,(anonymous_1)
FN:166,(anonymous_2)
FN:175,(anonymous_3)
FN:176,(anonymous_4)
FN:197,(anonymous_5)
FN:215,(anonymous_6)
FN:221,(anonymous_7)
FN:226,(anonymous_8)
FN:231,(anonymous_9)
FN:263,(anonymous_10)
FNF:11
FNH:0
FNDA:0,(anonymous_0)
FNDA:0,(anonymous_1)
FNDA:0,(anonymous_2)
FNDA:0,(anonymous_3)
FNDA:0,(anonymous_4)
FNDA:0,(anonymous_5)
FNDA:0,(anonymous_6)
FNDA:0,(anonymous_7)
FNDA:0,(anonymous_8)
FNDA:0,(anonymous_9)
FNDA:0,(anonymous_10)
DA:22,0
DA:25,0
DA:31,0
DA:82,0
DA:132,0
DA:137,0
DA:156,0
DA:166,0
DA:169,0
DA:171,0
DA:172,0
DA:175,0
DA:176,0
DA:177,0
DA:178,0
DA:179,0
DA:183,0
DA:188,0
DA:192,0
DA:196,0
DA:198,0
DA:199,0
DA:200,0
DA:210,0
DA:215,0
DA:216,0
DA:217,0
DA:220,0
DA:221,0
DA:225,0
DA:226,0
DA:230,0
DA:231,0
DA:246,0
DA:263,0
LF:35
LH:0
BRDA:179,0,0,0
BRDA:179,0,1,0
BRDA:180,1,0,0
BRDA:180,1,1,0
BRDA:210,2,0,0
BRDA:210,2,1,0
BRDA:216,3,0,0
BRDA:216,3,1,0
BRDA:221,4,0,0
BRDA:221,4,1,0
BRDA:226,5,0,0
BRDA:226,5,1,0
BRF:12
BRH:0
end_of_record
TN:
SF:src/database/DatabaseManager.ts
FN:21,(anonymous_0)
FN:31,(anonymous_1)
FN:62,(anonymous_2)
FN:93,(anonymous_3)
FN:111,(anonymous_4)
FN:125,(anonymous_5)
FN:142,(anonymous_6)
FN:194,(anonymous_7)
FN:222,(anonymous_8)
FNF:9
FNH:0
FNDA:0,(anonymous_0)
FNDA:0,(anonymous_1)
FNDA:0,(anonymous_2)
FNDA:0,(anonymous_3)
FNDA:0,(anonymous_4)
FNDA:0,(anonymous_5)
FNDA:0,(anonymous_6)
FNDA:0,(anonymous_7)
FNDA:0,(anonymous_8)
DA:19,4
DA:22,0
DA:23,0
DA:24,0
DA:26,0
DA:27,0
DA:32,0
DA:35,0
DA:51,0
DA:63,0
DA:65,0
DA:66,0
DA:83,0
DA:84,0
DA:86,0
DA:88,0
DA:89,0
DA:97,0
DA:99,0
DA:100,0
DA:104,0
DA:106,0
DA:107,0
DA:112,0
DA:114,0
DA:115,0
DA:118,0
DA:120,0
DA:121,0
DA:126,0
DA:128,0
DA:129,0
DA:135,0
DA:137,0
DA:138,0
DA:146,0
DA:148,0
DA:149,0
DA:150,0
DA:152,0
DA:153,0
DA:154,0
DA:156,0
DA:157,0
DA:158,0
DA:160,0
DA:161,0
DA:162,0
DA:164,0
DA:165,0
DA:166,0
DA:168,0
DA:169,0
DA:170,0
DA:172,0
DA:173,0
DA:174,0
DA:176,0
DA:177,0
DA:178,0
DA:181,0
DA:182,0
DA:184,0
DA:189,0
DA:190,0
DA:195,0
DA:197,0
DA:199,0
DA:205,0
DA:208,0
DA:209,0
DA:210,0
DA:213,0
DA:217,0
DA:218,0
DA:223,0
DA:225,0
DA:227,0
DA:232,0
DA:233,0
LF:80
LH:1
BRDA:32,0,0,0
BRDA:32,0,1,0
BRDA:63,1,0,0
BRDA:63,1,1,0
BRDA:76,2,0,0
BRDA:76,2,1,0
BRDA:78,3,0,0
BRDA:78,3,1,0
BRDA:83,4,0,0
BRDA:83,4,1,0
BRDA:94,5,0,0
BRDA:95,6,0,0
BRDA:97,7,0,0
BRDA:97,7,1,0
BRDA:112,8,0,0
BRDA:112,8,1,0
BRDA:118,9,0,0
BRDA:118,9,1,0
BRDA:126,10,0,0
BRDA:126,10,1,0
BRDA:146,11,0,0
BRDA:146,11,1,0
BRDA:152,12,0,0
BRDA:152,12,1,0
BRDA:156,13,0,0
BRDA:156,13,1,0
BRDA:160,14,0,0
BRDA:160,14,1,0
BRDA:164,15,0,0
BRDA:164,15,1,0
BRDA:168,16,0,0
BRDA:168,16,1,0
BRDA:172,17,0,0
BRDA:172,17,1,0
BRDA:176,18,0,0
BRDA:176,18,1,0
BRDA:195,19,0,0
BRDA:195,19,1,0
BRDA:208,20,0,0
BRDA:208,20,1,0
BRDA:223,21,0,0
BRDA:223,21,1,0
BRF:42
BRH:0
end_of_record
TN:
SF:src/hooks/useArticuloForm.ts
FN:13,(anonymous_0)
FN:24,(anonymous_1)
FN:41,(anonymous_2)
FN:50,(anonymous_3)
FN:51,(anonymous_4)
FN:56,(anonymous_5)
FNF:6
FNH:5
FNDA:7,(anonymous_0)
FNDA:13,(anonymous_1)
FNDA:11,(anonymous_2)
FNDA:4,(anonymous_3)
FNDA:4,(anonymous_4)
FNDA:0,(anonymous_5)
DA:13,7
DA:24,1
DA:29,13
DA:33,13
DA:39,13
DA:41,13
DA:42,11
DA:43,4
DA:45,7
DA:49,13
DA:51,4
DA:56,13
DA:57,0
DA:60,13
LF:14
LH:13
BRDA:42,0,0,4
BRDA:42,0,1,7
BRF:2
BRH:2
end_of_record
TN:
SF:src/hooks/useArticuloSubmit.ts
FN:18,(anonymous_0)
FN:26,(anonymous_1)
FN:28,(anonymous_2)
FN:34,(anonymous_3)
FN:115,(anonymous_4)
FN:139,(anonymous_5)
FNF:6
FNH:5
FNDA:23,(anonymous_0)
FNDA:13,(anonymous_1)
FNDA:13,(anonymous_2)
FNDA:4,(anonymous_3)
FNDA:0,(anonymous_4)
FNDA:1,(anonymous_5)
DA:18,2
DA:19,23
DA:20,23
DA:21,23
DA:22,23
DA:23,23
DA:24,23
DA:26,23
DA:27,13
DA:28,13
DA:29,13
DA:33,23
DA:35,4
DA:37,4
DA:38,1
DA:39,1
DA:40,1
DA:42,0
DA:47,1
DA:50,3
DA:51,3
DA:52,3
DA:54,3
DA:60,3
DA:61,1
DA:65,1
DA:67,2
DA:73,2
DA:74,0
DA:75,0
DA:76,0
DA:81,0
DA:85,0
DA:86,0
DA:88,0
DA:91,2
DA:92,0
DA:93,0
DA:94,0
DA:95,0
DA:98,0
DA:102,2
DA:104,2
DA:108,2
DA:109,2
DA:110,2
DA:112,0
DA:115,0
DA:119,2
DA:121,1
DA:122,1
DA:124,1
DA:125,1
DA:127,0
DA:129,1
DA:131,3
DA:132,3
DA:139,23
DA:140,1
DA:143,23
LF:60
LH:44
BRDA:18,0,0,2
BRDA:37,1,0,1
BRDA:37,1,1,3
BRDA:39,2,0,1
BRDA:39,2,1,0
BRDA:60,3,0,1
BRDA:60,3,1,2
BRDA:73,4,0,0
BRDA:73,4,1,2
BRDA:73,5,0,2
BRDA:73,5,1,0
BRDA:75,6,0,0
BRDA:75,6,1,0
BRDA:75,7,0,0
BRDA:75,7,1,0
BRDA:81,8,0,0
BRDA:81,8,1,0
BRDA:82,9,0,0
BRDA:82,9,1,0
BRDA:91,10,0,0
BRDA:91,10,1,2
BRDA:91,11,0,2
BRDA:91,11,1,2
BRDA:94,12,0,0
BRDA:94,12,1,0
BRDA:102,13,0,0
BRDA:102,13,1,2
BRDA:104,14,0,1
BRDA:104,14,1,1
BRDA:108,15,0,2
BRDA:108,15,1,0
BRDA:122,16,0,0
BRDA:122,16,1,1
BRDA:124,17,0,1
BRDA:124,17,1,0
BRDA:131,18,0,3
BRDA:131,18,1,0
BRF:37
BRH:18
end_of_record
TN:
SF:src/hooks/useSubscriptionLimit.ts
FN:15,(anonymous_0)
FN:20,(anonymous_1)
FN:22,(anonymous_2)
FN:27,(anonymous_3)
FN:43,(anonymous_4)
FN:48,(anonymous_5)
FNF:6
FNH:4
FNDA:17,(anonymous_0)
FNDA:11,(anonymous_1)
FNDA:11,(anonymous_2)
FNDA:10,(anonymous_3)
FNDA:0,(anonymous_4)
FNDA:0,(anonymous_5)
DA:15,2
DA:16,17
DA:17,17
DA:18,17
DA:20,17
DA:21,11
DA:22,11
DA:23,11
DA:27,17
DA:28,10
DA:29,10
DA:34,9
DA:36,9
DA:37,0
DA:43,0
DA:48,0
DA:53,0
DA:55,9
DA:57,1
DA:58,1
DA:59,1
DA:61,1
DA:65,17
LF:23
LH:19
BRDA:34,0,0,0
BRDA:34,0,1,9
BRDA:36,1,0,0
BRDA:36,1,1,9
BRDA:36,2,0,9
BRDA:36,2,1,1
BRDA:58,3,0,1
BRDA:58,3,1,0
BRDA:58,4,0,1
BRDA:58,4,1,1
BRF:10
BRH:7
end_of_record
TN:
SF:src/i18n/index.ts
FN:17,(anonymous_0)
FN:28,(anonymous_1)
FN:62,(anonymous_2)
FNF:3
FNH:0
FNDA:0,(anonymous_0)
FNDA:0,(anonymous_1)
FNDA:0,(anonymous_2)
DA:10,0
DA:12,0
DA:17,0
DA:19,0
DA:23,0
DA:25,0
DA:28,0
DA:29,0
DA:31,0
DA:32,0
DA:33,0
DA:34,0
DA:36,0
DA:38,0
DA:39,0
DA:42,0
DA:45,0
DA:46,0
DA:55,0
DA:60,0
DA:62,0
DA:63,0
DA:64,0
DA:65,0
DA:67,0
LF:25
LH:0
BRDA:19,0,0,0
BRDA:19,0,1,0
BRDA:20,1,0,0
BRDA:20,1,1,0
BRDA:33,2,0,0
BRDA:33,2,1,0
BRDA:38,3,0,0
BRDA:38,3,1,0
BRDA:39,4,0,0
BRDA:39,4,1,0
BRDA:45,5,0,0
BRDA:45,5,1,0
BRF:12
BRH:0
end_of_record
TN:
SF:src/screens/BuscarScreen.tsx
FN:27,(anonymous_0)
FN:41,(anonymous_1)
FN:64,(anonymous_2)
FN:72,(anonymous_3)
FN:73,(anonymous_4)
FN:81,(anonymous_5)
FN:91,(anonymous_6)
FN:98,(anonymous_7)
FN:106,(anonymous_8)
FN:111,(anonymous_9)
FN:118,(anonymous_10)
FN:127,(anonymous_11)
FN:144,(anonymous_12)
FN:152,(anonymous_13)
FN:155,(anonymous_14)
FN:229,(anonymous_15)
FN:236,(anonymous_16)
FN:245,(anonymous_17)
FN:308,(anonymous_18)
FN:313,(anonymous_19)
FNF:20
FNH:0
FNDA:0,(anonymous_0)
FNDA:0,(anonymous_1)
FNDA:0,(anonymous_2)
FNDA:0,(anonymous_3)
FNDA:0,(anonymous_4)
FNDA:0,(anonymous_5)
FNDA:0,(anonymous_6)
FNDA:0,(anonymous_7)
FNDA:0,(anonymous_8)
FNDA:0,(anonymous_9)
FNDA:0,(anonymous_10)
FNDA:0,(anonymous_11)
FNDA:0,(anonymous_12)
FNDA:0,(anonymous_13)
FNDA:0,(anonymous_14)
FNDA:0,(anonymous_15)
FNDA:0,(anonymous_16)
FNDA:0,(anonymous_17)
FNDA:0,(anonymous_18)
FNDA:0,(anonymous_19)
DA:27,0
DA:28,0
DA:29,0
DA:30,0
DA:31,0
DA:33,0
DA:34,0
DA:35,0
DA:36,0
DA:37,0
DA:38,0
DA:40,0
DA:42,0
DA:43,0
DA:44,0
DA:45,0
DA:48,0
DA:49,0
DA:50,0
DA:51,0
DA:52,0
DA:54,0
DA:56,0
DA:63,0
DA:65,0
DA:66,0
DA:72,0
DA:73,0
DA:74,0
DA:75,0
DA:80,0
DA:82,0
DA:83,0
DA:86,0
DA:87,0
DA:91,0
DA:92,0
DA:98,0
DA:99,0
DA:100,0
DA:101,0
DA:102,0
DA:105,0
DA:106,0
DA:110,0
DA:112,0
DA:117,0
DA:119,0
DA:128,0
DA:129,0
DA:131,0
DA:133,0
DA:144,0
DA:145,0
DA:146,0
DA:151,0
DA:153,0
DA:155,0
DA:229,0
DA:236,0
DA:245,0
DA:246,0
DA:247,0
DA:262,0
DA:277,0
DA:308,0
DA:313,0
DA:325,0
LF:68
LH:0
BRDA:42,0,0,0
BRDA:42,0,1,0
BRDA:65,1,0,0
BRDA:65,1,1,0
BRDA:74,2,0,0
BRDA:74,2,1,0
BRDA:86,3,0,0
BRDA:86,3,1,0
BRDA:146,4,0,0
BRDA:146,4,1,0
BRDA:162,5,0,0
BRDA:162,5,1,0
BRDA:195,6,0,0
BRDA:195,6,1,0
BRDA:236,7,0,0
BRDA:236,7,1,0
BRDA:246,8,0,0
BRDA:246,8,1,0
BRDA:292,9,0,0
BRDA:292,9,1,0
BRDA:292,9,2,0
BRDA:300,10,0,0
BRDA:300,10,1,0
BRDA:308,11,0,0
BRDA:308,11,1,0
BRF:25
BRH:0
end_of_record
TN:
SF:src/screens/ConfigScreen.tsx
FN:34,(anonymous_0)
FN:49,(anonymous_1)
FN:63,(anonymous_2)
FN:68,(anonymous_3)
FN:72,(anonymous_4)
FN:76,(anonymous_5)
FN:94,(anonymous_6)
FN:113,(anonymous_7)
FN:126,(anonymous_8)
FN:141,(anonymous_9)
FN:145,(anonymous_10)
FN:149,(anonymous_11)
FN:153,(anonymous_12)
FN:170,(anonymous_13)
FN:333,(anonymous_14)
FN:341,(anonymous_15)
FNF:16
FNH:0
FNDA:0,(anonymous_0)
FNDA:0,(anonymous_1)
FNDA:0,(anonymous_2)
FNDA:0,(anonymous_3)
FNDA:0,(anonymous_4)
FNDA:0,(anonymous_5)
FNDA:0,(anonymous_6)
FNDA:0,(anonymous_7)
FNDA:0,(anonymous_8)
FNDA:0,(anonymous_9)
FNDA:0,(anonymous_10)
FNDA:0,(anonymous_11)
FNDA:0,(anonymous_12)
FNDA:0,(anonymous_13)
FNDA:0,(anonymous_14)
FNDA:0,(anonymous_15)
DA:34,0
DA:35,0
DA:36,0
DA:37,0
DA:38,0
DA:40,0
DA:41,0
DA:43,0
DA:44,0
DA:47,0
DA:49,0
DA:50,0
DA:51,0
DA:52,0
DA:53,0
DA:55,0
DA:57,0
DA:62,0
DA:64,0
DA:68,0
DA:69,0
DA:72,0
DA:73,0
DA:76,0
DA:77,0
DA:79,0
DA:81,0
DA:87,0
DA:90,0
DA:94,0
DA:95,0
DA:96,0
DA:97,0
DA:99,0
DA:100,0
DA:101,0
DA:103,0
DA:106,0
DA:107,0
DA:109,0
DA:113,0
DA:114,0
DA:115,0
DA:116,0
DA:117,0
DA:119,0
DA:120,0
DA:122,0
DA:126,0
DA:127,0
DA:141,0
DA:142,0
DA:145,0
DA:146,0
DA:149,0
DA:150,0
DA:153,0
DA:154,0
DA:155,0
DA:156,0
DA:157,0
DA:166,0
DA:170,0
DA:171,0
DA:173,0
DA:174,0
DA:177,0
DA:178,0
DA:179,0
DA:181,0
DA:182,0
DA:185,0
DA:188,0
DA:333,0
DA:341,0
DA:508,0
LF:76
LH:0
BRDA:47,0,0,0
BRDA:47,0,1,0
BRDA:87,1,0,0
BRDA:87,1,1,0
BRDA:99,2,0,0
BRDA:99,2,1,0
BRDA:154,3,0,0
BRDA:154,3,1,0
BRDA:158,4,0,0
BRDA:158,4,1,0
BRDA:171,5,0,0
BRDA:171,5,1,0
BRDA:173,6,0,0
BRDA:173,6,1,0
BRDA:178,7,0,0
BRDA:178,7,1,0
BRDA:178,8,0,0
BRDA:178,8,1,0
BRDA:181,9,0,0
BRDA:181,9,1,0
BRDA:204,10,0,0
BRDA:204,10,1,0
BRDA:225,11,0,0
BRDA:225,11,1,0
BRDA:235,12,0,0
BRDA:235,12,1,0
BRDA:246,13,0,0
BRDA:246,13,1,0
BRDA:246,13,2,0
BRDA:248,14,0,0
BRDA:248,14,1,0
BRDA:256,15,0,0
BRDA:256,15,1,0
BRDA:277,16,0,0
BRDA:277,16,1,0
BRDA:332,17,0,0
BRDA:332,17,1,0
BRDA:340,18,0,0
BRDA:340,18,1,0
BRDA:380,19,0,0
BRDA:380,19,1,0
BRF:41
BRH:0
end_of_record
TN:
SF:src/screens/IngresarScreen.tsx
FN:4,(anonymous_0)
FNF:1
FNH:0
FNDA:0,(anonymous_0)
DA:4,0
DA:5,0
LF:2
LH:0
BRF:0
BRH:0
end_of_record
TN:
SF:src/screens/InventarioScreen.tsx
FN:9,(anonymous_0)
FN:13,(anonymous_1)
FN:17,(anonymous_2)
FNF:3
FNH:0
FNDA:0,(anonymous_0)
FNDA:0,(anonymous_1)
FNDA:0,(anonymous_2)
DA:9,0
DA:10,0
DA:11,0
DA:13,0
DA:14,0
DA:17,0
DA:18,0
DA:21,0
DA:30,0
LF:9
LH:0
BRF:0
BRH:0
end_of_record
TN:
SF:src/screens/PaywallScreen.tsx
FN:31,(anonymous_0)
FN:42,(anonymous_1)
FN:47,(anonymous_2)
FN:65,(anonymous_3)
FN:77,(anonymous_4)
FN:98,(anonymous_5)
FN:107,(anonymous_6)
FN:122,(anonymous_7)
FN:131,(anonymous_8)
FN:144,(anonymous_9)
FN:162,(anonymous_10)
FN:171,(anonymous_11)
FN:187,(anonymous_12)
FN:191,(anonymous_13)
FN:196,(anonymous_14)
FN:221,(anonymous_15)
FN:234,(anonymous_16)
FN:295,(anonymous_17)
FN:338,(anonymous_18)
FN:345,(anonymous_19)
FN:442,(anonymous_20)
FN:444,(anonymous_21)
FN:529,(anonymous_22)
FNF:23
FNH:0
FNDA:0,(anonymous_0)
FNDA:0,(anonymous_1)
FNDA:0,(anonymous_2)
FNDA:0,(anonymous_3)
FNDA:0,(anonymous_4)
FNDA:0,(anonymous_5)
FNDA:0,(anonymous_6)
FNDA:0,(anonymous_7)
FNDA:0,(anonymous_8)
FNDA:0,(anonymous_9)
FNDA:0,(anonymous_10)
FNDA:0,(anonymous_11)
FNDA:0,(anonymous_12)
FNDA:0,(anonymous_13)
FNDA:0,(anonymous_14)
FNDA:0,(anonymous_15)
FNDA:0,(anonymous_16)
FNDA:0,(anonymous_17)
FNDA:0,(anonymous_18)
FNDA:0,(anonymous_19)
FNDA:0,(anonymous_20)
FNDA:0,(anonymous_21)
FNDA:0,(anonymous_22)
DA:31,0
DA:32,0
DA:33,0
DA:34,0
DA:36,0
DA:37,0
DA:38,0
DA:39,0
DA:40,0
DA:42,0
DA:43,0
DA:47,0
DA:48,0
DA:50,0
DA:51,0
DA:52,0
DA:53,0
DA:58,0
DA:60,0
DA:61,0
DA:65,0
DA:68,0
DA:69,0
DA:71,0
DA:74,0
DA:77,0
DA:79,0
DA:82,0
DA:83,0
DA:88,0
DA:89,0
DA:92,0
DA:93,0
DA:94,0
DA:98,0
DA:99,0
DA:100,0
DA:101,0
DA:102,0
DA:103,0
DA:106,0
DA:107,0
DA:109,0
DA:110,0
DA:111,0
DA:112,0
DA:115,0
DA:117,0
DA:121,0
DA:123,0
DA:124,0
DA:125,0
DA:127,0
DA:128,0
DA:131,0
DA:133,0
DA:135,0
DA:136,0
DA:140,0
DA:141,0
DA:144,0
DA:147,0
DA:153,0
DA:154,0
DA:156,0
DA:162,0
DA:163,0
DA:164,0
DA:165,0
DA:167,0
DA:168,0
DA:171,0
DA:174,0
DA:180,0
DA:181,0
DA:183,0
DA:187,0
DA:188,0
DA:191,0
DA:192,0
DA:195,0
DA:196,0
DA:221,0
DA:222,0
DA:224,0
DA:226,0
DA:228,0
DA:230,0
DA:234,0
DA:235,0
DA:236,0
DA:238,0
DA:239,0
DA:241,0
DA:245,0
DA:246,0
DA:264,0
DA:296,0
DA:339,0
DA:340,0
DA:342,0
DA:345,0
DA:443,0
DA:444,0
DA:446,0
DA:529,0
DA:540,0
LF:107
LH:0
BRDA:50,0,0,0
BRDA:50,0,1,0
BRDA:52,1,0,0
BRDA:52,1,1,0
BRDA:71,2,0,0
BRDA:71,2,1,0
BRDA:71,2,2,0
BRDA:71,2,3,0
BRDA:71,2,4,0
BRDA:107,3,0,0
BRDA:107,3,1,0
BRDA:109,4,0,0
BRDA:109,4,1,0
BRDA:111,5,0,0
BRDA:111,5,1,0
BRDA:127,6,0,0
BRDA:127,6,1,0
BRDA:133,7,0,0
BRDA:133,7,1,0
BRDA:135,8,0,0
BRDA:135,8,1,0
BRDA:140,9,0,0
BRDA:140,9,1,0
BRDA:149,10,0,0
BRDA:149,10,1,0
BRDA:167,11,0,0
BRDA:167,11,1,0
BRDA:222,12,0,0
BRDA:222,12,1,0
BRDA:222,12,2,0
BRDA:222,12,3,0
BRDA:235,13,0,0
BRDA:235,13,1,0
BRDA:238,14,0,0
BRDA:238,14,1,0
BRDA:245,15,0,0
BRDA:245,15,1,0
BRDA:245,16,0,0
BRDA:245,16,1,0
BRDA:334,17,0,0
BRDA:334,17,1,0
BRDA:336,18,0,0
BRDA:336,18,1,0
BRDA:348,19,0,0
BRDA:348,19,1,0
BRDA:352,20,0,0
BRDA:352,20,1,0
BRDA:355,21,0,0
BRDA:355,21,1,0
BRDA:362,22,0,0
BRDA:362,22,1,0
BRDA:378,23,0,0
BRDA:378,23,1,0
BRDA:384,24,0,0
BRDA:384,24,1,0
BRDA:421,25,0,0
BRDA:421,25,1,0
BRDA:446,26,0,0
BRDA:446,26,1,0
BRDA:454,27,0,0
BRDA:454,27,1,0
BRF:61
BRH:0
end_of_record
TN:
SF:src/services/ImageService.ts
FN:17,(anonymous_0)
FN:22,(anonymous_1)
FN:31,(anonymous_2)
FN:57,(anonymous_3)
FN:95,(anonymous_4)
FN:111,(anonymous_5)
FNF:6
FNH:2
FNDA:3,(anonymous_0)
FNDA:3,(anonymous_1)
FNDA:0,(anonymous_2)
FNDA:0,(anonymous_3)
FNDA:0,(anonymous_4)
FNDA:0,(anonymous_5)
DA:5,3
DA:8,3
DA:18,3
DA:23,3
DA:24,3
DA:25,0
DA:26,0
DA:32,0
DA:33,0
DA:48,0
DA:49,0
DA:51,0
DA:52,0
DA:58,0
DA:59,0
DA:62,0
DA:63,0
DA:67,0
DA:69,0
DA:70,0
DA:72,0
DA:73,0
DA:74,0
DA:77,0
DA:78,0
DA:79,0
DA:80,0
DA:86,0
DA:87,0
DA:89,0
DA:90,0
DA:96,0
DA:98,0
DA:100,0
DA:101,0
DA:102,0
DA:103,0
DA:106,0
DA:112,0
DA:113,0
DA:114,0
DA:115,0
DA:116,0
DA:119,0
LF:44
LH:5
BRDA:24,0,0,0
BRDA:24,0,1,3
BRDA:62,1,0,0
BRDA:62,1,1,0
BRDA:77,2,0,0
BRDA:77,2,1,0
BRDA:77,3,0,0
BRDA:77,3,1,0
BRDA:98,4,0,0
BRDA:98,4,1,0
BRDA:101,5,0,0
BRDA:101,5,1,0
BRDA:114,6,0,0
BRDA:114,6,1,0
BRF:14
BRH:1
end_of_record
TN:
SF:src/services/SentryService.ts
FN:6,(anonymous_0)
FN:25,(anonymous_1)
FN:51,(anonymous_2)
FN:55,(anonymous_3)
FN:70,(anonymous_4)
FNF:5
FNH:0
FNDA:0,(anonymous_0)
FNDA:0,(anonymous_1)
FNDA:0,(anonymous_2)
FNDA:0,(anonymous_3)
FNDA:0,(anonymous_4)
DA:6,0
DA:7,0
DA:8,0
DA:10,0
DA:11,0
DA:27,0
DA:28,0
DA:29,0
DA:30,0
DA:33,0
DA:38,0
DA:42,0
DA:43,0
DA:45,0
DA:46,0
DA:51,0
DA:52,0
DA:54,0
DA:55,0
DA:56,0
DA:57,0
DA:59,0
DA:64,0
DA:65,0
DA:70,0
DA:74,0
LF:26
LH:0
BRDA:10,0,0,0
BRDA:10,0,1,0
BRDA:10,1,0,0
BRDA:10,1,1,0
BRDA:27,2,0,0
BRDA:27,2,1,0
BRDA:29,3,0,0
BRDA:29,3,1,0
BRDA:42,4,0,0
BRDA:42,4,1,0
BRDA:45,5,0,0
BRDA:45,5,1,0
BRDA:54,6,0,0
BRDA:54,6,1,0
BRDA:56,7,0,0
BRDA:56,7,1,0
BRDA:64,8,0,0
BRDA:64,8,1,0
BRDA:65,9,0,0
BRDA:65,9,1,0
BRF:20
BRH:0
end_of_record
TN:
SF:src/services/SubscriptionService.ts
FN:45,(anonymous_0)
FN:51,(anonymous_1)
FN:74,(anonymous_2)
FN:83,(anonymous_3)
FN:97,(anonymous_4)
FN:110,(anonymous_5)
FN:117,(anonymous_6)
FN:124,(anonymous_7)
FN:147,(anonymous_8)
FN:176,(anonymous_9)
FN:187,(anonymous_10)
FN:243,(anonymous_11)
FN:275,(anonymous_12)
FN:316,(anonymous_13)
FN:341,(anonymous_14)
FN:350,(anonymous_15)
FN:372,(anonymous_16)
FN:394,(anonymous_17)
FN:413,(anonymous_18)
FN:423,(anonymous_19)
FN:432,(anonymous_20)
FNF:21
FNH:14
FNDA:8,(anonymous_0)
FNDA:4,(anonymous_1)
FNDA:0,(anonymous_2)
FNDA:0,(anonymous_3)
FNDA:0,(anonymous_4)
FNDA:1,(anonymous_5)
FNDA:1,(anonymous_6)
FNDA:1,(anonymous_7)
FNDA:1,(anonymous_8)
FNDA:1,(anonymous_9)
FNDA:0,(anonymous_10)
FNDA:1,(anonymous_11)
FNDA:1,(anonymous_12)
FNDA:0,(anonymous_13)
FNDA:9,(anonymous_14)
FNDA:1,(anonymous_15)
FNDA:1,(anonymous_16)
FNDA:1,(anonymous_17)
FNDA:0,(anonymous_18)
FNDA:1,(anonymous_19)
FNDA:0,(anonymous_20)
DA:12,3
DA:15,3
DA:18,3
DA:25,3
DA:42,3
DA:43,3
DA:44,3
DA:45,8
DA:52,4
DA:53,0
DA:54,0
DA:57,4
DA:58,4
DA:59,0
DA:62,0
DA:66,4
DA:67,4
DA:71,0
DA:74,0
DA:75,0
DA:76,0
DA:79,0
DA:80,0
DA:83,0
DA:85,0
DA:88,4
DA:90,4
DA:98,0
DA:99,0
DA:102,0
DA:103,0
DA:111,1
DA:118,1
DA:125,1
DA:126,0
DA:128,1
DA:129,1
DA:130,1
DA:133,1
DA:134,1
DA:135,0
DA:136,0
DA:139,1
DA:140,1
DA:148,1
DA:149,0
DA:151,1
DA:152,1
DA:155,1
DA:156,1
DA:158,0
DA:159,0
DA:162,0
DA:165,0
DA:166,0
DA:168,1
DA:169,1
DA:177,1
DA:178,0
DA:180,1
DA:181,1
DA:192,0
DA:193,0
DA:195,0
DA:196,0
DA:199,0
DA:200,0
DA:201,0
DA:203,0
DA:204,0
DA:206,0
DA:208,0
DA:211,0
DA:214,0
DA:215,0
DA:219,0
DA:220,0
DA:221,0
DA:225,0
DA:229,0
DA:231,0
DA:232,0
DA:235,0
DA:236,0
DA:244,1
DA:245,0
DA:247,1
DA:248,1
DA:249,1
DA:251,0
DA:256,1
DA:257,0
DA:260,1
DA:261,1
DA:262,0
DA:263,0
DA:264,0
DA:266,1
DA:268,1
DA:276,1
DA:277,0
DA:283,1
DA:285,1
DA:286,1
DA:293,0
DA:294,0
DA:296,0
DA:297,0
DA:304,0
DA:317,0
DA:318,0
DA:320,0
DA:321,0
DA:324,0
DA:325,0
DA:326,0
DA:327,0
DA:329,0
DA:330,0
DA:332,0
DA:333,0
DA:334,0
DA:342,9
DA:343,9
DA:351,1
DA:352,0
DA:354,1
DA:355,1
DA:358,1
DA:359,1
DA:360,0
DA:361,0
DA:362,0
DA:364,1
DA:365,1
DA:373,1
DA:374,0
DA:376,1
DA:377,1
DA:380,0
DA:381,0
DA:382,0
DA:383,0
DA:384,0
DA:386,0
DA:387,0
DA:395,1
DA:396,0
DA:398,1
DA:399,1
DA:402,0
DA:403,0
DA:405,0
DA:406,0
DA:415,0
DA:416,0
DA:417,0
DA:424,1
DA:425,0
DA:426,0
DA:433,0
DA:434,0
LF:162
LH:64
BRDA:12,0,0,3
BRDA:12,0,1,0
BRDA:52,1,0,0
BRDA:52,1,1,4
BRDA:58,2,0,0
BRDA:58,2,1,4
BRDA:66,3,0,4
BRDA:66,3,1,0
BRDA:102,4,0,0
BRDA:102,4,1,0
BRDA:125,5,0,0
BRDA:125,5,1,1
BRDA:128,6,0,1
BRDA:128,6,1,0
BRDA:148,7,0,0
BRDA:148,7,1,1
BRDA:151,8,0,1
BRDA:151,8,1,0
BRDA:158,9,0,0
BRDA:158,9,1,0
BRDA:177,10,0,0
BRDA:177,10,1,1
BRDA:181,11,0,1
BRDA:181,11,1,1
BRDA:192,12,0,0
BRDA:192,12,1,0
BRDA:195,13,0,0
BRDA:195,13,1,0
BRDA:211,14,0,0
BRDA:211,14,1,0
BRDA:219,15,0,0
BRDA:219,15,1,0
BRDA:225,16,0,0
BRDA:225,16,1,0
BRDA:243,17,0,1
BRDA:244,18,0,0
BRDA:244,18,1,1
BRDA:247,19,0,1
BRDA:247,19,1,0
BRDA:256,20,0,0
BRDA:256,20,1,1
BRDA:256,21,0,1
BRDA:256,21,1,1
BRDA:268,22,0,1
BRDA:268,22,1,1
BRDA:276,23,0,0
BRDA:276,23,1,1
BRDA:285,24,0,1
BRDA:285,24,1,0
BRDA:296,25,0,0
BRDA:296,25,1,0
BRDA:306,26,0,0
BRDA:306,26,1,0
BRDA:317,27,0,0
BRDA:317,27,1,0
BRDA:320,28,0,0
BRDA:320,28,1,0
BRDA:351,29,0,0
BRDA:351,29,1,1
BRDA:354,30,0,1
BRDA:354,30,1,0
BRDA:373,31,0,0
BRDA:373,31,1,1
BRDA:376,32,0,1
BRDA:376,32,1,0
BRDA:395,33,0,0
BRDA:395,33,1,1
BRDA:398,34,0,1
BRDA:398,34,1,0
BRDA:424,35,0,1
BRDA:424,35,1,0
BRDA:437,36,0,0
BRDA:437,36,1,0
BRF:73
BRH:28
end_of_record
TN:
SF:src/types/errors.ts
FN:85,(anonymous_0)
FN:101,(anonymous_1)
FN:117,(anonymous_2)
FN:131,(anonymous_3)
FN:145,(anonymous_4)
FN:159,(anonymous_5)
FN:173,(anonymous_6)
FN:188,(anonymous_7)
FN:192,(anonymous_8)
FN:196,(anonymous_9)
FN:202,(anonymous_10)
FN:208,(anonymous_11)
FN:212,(anonymous_12)
FN:221,(anonymous_13)
FN:228,withErrorHandling
FN:242,withErrorHandlingSync
FNF:16
FNH:0
FNDA:0,(anonymous_0)
FNDA:0,(anonymous_1)
FNDA:0,(anonymous_2)
FNDA:0,(anonymous_3)
FNDA:0,(anonymous_4)
FNDA:0,(anonymous_5)
FNDA:0,(anonymous_6)
FNDA:0,(anonymous_7)
FNDA:0,(anonymous_8)
FNDA:0,(anonymous_9)
FNDA:0,(anonymous_10)
FNDA:0,(anonymous_11)
FNDA:0,(anonymous_12)
FNDA:0,(anonymous_13)
FNDA:0,withErrorHandling
FNDA:0,withErrorHandlingSync
DA:85,3
DA:90,0
DA:101,3
DA:106,0
DA:117,3
DA:121,0
DA:131,3
DA:135,0
DA:145,3
DA:149,0
DA:159,3
DA:163,0
DA:173,3
DA:177,0
DA:188,3
DA:189,0
DA:192,3
DA:193,0
DA:196,3
DA:197,0
DA:202,3
DA:203,0
DA:208,3
DA:209,0
DA:212,3
DA:215,0
DA:221,3
DA:222,0
DA:232,0
DA:233,0
DA:234,0
DA:236,0
DA:237,0
DA:246,0
DA:247,0
DA:248,0
DA:250,0
DA:251,0
LF:38
LH:14
BRDA:189,0,0,0
BRDA:189,0,1,0
BRDA:193,1,0,0
BRDA:193,1,1,0
BRDA:198,2,0,0
BRDA:198,2,1,0
BRDA:204,3,0,0
BRDA:204,3,1,0
BRDA:209,4,0,0
BRDA:209,4,1,0
BRDA:216,5,0,0
BRDA:216,5,1,0
BRDA:223,6,0,0
BRDA:223,6,1,0
BRF:14
BRH:0
end_of_record
TN:
SF:src/types/navigation.ts
FNF:0
FNH:0
LF:0
LH:0
BRF:0
BRH:0
end_of_record
TN:
SF:src/utils/Logger.ts
FN:29,(anonymous_0)
FN:34,(anonymous_1)
FN:62,(anonymous_2)
FN:82,(anonymous_3)
FN:88,(anonymous_4)
FN:94,(anonymous_5)
FN:100,(anonymous_6)
FN:116,(anonymous_7)
FN:120,(anonymous_8)
FN:124,(anonymous_9)
FN:128,(anonymous_10)
FN:132,(anonymous_11)
FN:136,(anonymous_12)
FN:140,(anonymous_13)
FN:145,(anonymous_14)
FN:149,(anonymous_15)
FNF:16
FNH:6
FNDA:20,(anonymous_0)
FNDA:20,(anonymous_1)
FNDA:9,(anonymous_2)
FNDA:10,(anonymous_3)
FNDA:0,(anonymous_4)
FNDA:1,(anonymous_5)
FNDA:9,(anonymous_6)
FNDA:0,(anonymous_7)
FNDA:0,(anonymous_8)
FNDA:0,(anonymous_9)
FNDA:0,(anonymous_10)
FNDA:0,(anonymous_11)
FNDA:0,(anonymous_12)
FNDA:0,(anonymous_13)
FNDA:0,(anonymous_14)
FNDA:0,(anonymous_15)
DA:8,12
DA:17,12
DA:24,12
DA:29,12
DA:30,20
DA:31,20
DA:34,12
DA:39,20
DA:40,20
DA:47,20
DA:49,20
DA:50,9
DA:51,9
DA:52,0
DA:54,9
DA:55,0
DA:59,20
DA:62,12
DA:63,9
DA:65,9
DA:66,0
DA:67,0
DA:78,9
DA:81,12
DA:83,10
DA:84,10
DA:89,0
DA:90,0
DA:95,1
DA:96,1
DA:105,9
DA:106,9
DA:107,9
DA:117,0
DA:121,0
DA:125,0
DA:129,0
DA:133,0
DA:137,0
DA:141,0
DA:146,0
DA:150,0
LF:42
LH:27
BRDA:26,0,0,12
BRDA:26,0,1,0
BRDA:30,1,0,0
BRDA:30,1,1,20
BRDA:49,2,0,9
BRDA:49,2,1,11
BRDA:50,3,0,9
BRDA:50,3,1,9
BRDA:51,4,0,0
BRDA:51,4,1,9
BRDA:54,5,0,0
BRDA:54,5,1,9
BRDA:63,6,0,0
BRDA:63,6,1,9
BRDA:65,7,0,0
BRDA:65,7,1,9
BRDA:65,8,0,9
BRDA:65,8,1,9
BRDA:83,9,0,10
BRDA:83,9,1,0
BRDA:89,10,0,0
BRDA:89,10,1,0
BRDA:95,11,0,1
BRDA:95,11,1,0
BRDA:105,12,0,9
BRDA:105,12,1,0
BRF:26
BRH:15
end_of_record
TN:
SF:src/utils/Validation.ts
FN:20,(anonymous_0)
FN:27,(anonymous_1)
FN:31,(anonymous_2)
FN:39,(anonymous_3)
FN:48,(anonymous_4)
FN:73,(anonymous_5)
FN:95,(anonymous_6)
FN:107,(anonymous_7)
FN:118,(anonymous_8)
FN:131,(anonymous_9)
FN:138,(anonymous_10)
FN:147,(anonymous_11)
FN:154,(anonymous_12)
FN:163,(anonymous_13)
FN:170,(anonymous_14)
FN:184,(anonymous_15)
FNF:16
FNH:4
FNDA:0,(anonymous_0)
FNDA:0,(anonymous_1)
FNDA:0,(anonymous_2)
FNDA:0,(anonymous_3)
FNDA:0,(anonymous_4)
FNDA:0,(anonymous_5)
FNDA:0,(anonymous_6)
FNDA:4,(anonymous_7)
FNDA:1,(anonymous_8)
FNDA:0,(anonymous_9)
FNDA:2,(anonymous_10)
FNDA:2,(anonymous_11)
FNDA:0,(anonymous_12)
FNDA:0,(anonymous_13)
FNDA:0,(anonymous_14)
FNDA:0,(anonymous_15)
DA:20,3
DA:21,0
DA:27,3
DA:28,0
DA:31,3
DA:32,0
DA:33,0
DA:34,0
DA:36,0
DA:37,0
DA:39,0
DA:40,0
DA:41,0
DA:44,0
DA:45,0
DA:48,3
DA:49,0
DA:50,0
DA:51,0
DA:53,0
DA:54,0
DA:55,0
DA:57,0
DA:58,0
DA:60,0
DA:61,0
DA:62,0
DA:63,0
DA:64,0
DA:65,0
DA:66,0
DA:68,0
DA:69,0
DA:73,3
DA:74,0
DA:75,0
DA:76,0
DA:78,0
DA:79,0
DA:83,0
DA:84,0
DA:85,0
DA:87,0
DA:95,3
DA:96,0
DA:97,0
DA:100,0
DA:107,3
DA:111,4
DA:112,4
DA:114,4
DA:115,3
DA:117,1
DA:118,1
DA:120,1
DA:125,0
DA:127,0
DA:128,0
DA:130,0
DA:131,0
DA:133,0
DA:138,3
DA:141,2
DA:143,2
DA:144,1
DA:146,1
DA:147,2
DA:149,1
DA:154,3
DA:157,0
DA:159,0
DA:160,0
DA:162,0
DA:163,0
DA:165,0
DA:170,3
DA:171,0
DA:175,0
DA:176,0
DA:181,0
DA:184,0
DA:187,0
LF:82
LH:23
BRDA:24,0,0,0
BRDA:24,0,1,0
BRDA:28,1,0,0
BRDA:28,1,1,0
BRDA:32,2,0,0
BRDA:32,2,1,0
BRDA:36,3,0,0
BRDA:36,3,1,0
BRDA:40,4,0,0
BRDA:40,4,1,0
BRDA:40,5,0,0
BRDA:40,5,1,0
BRDA:40,5,2,0
BRDA:45,6,0,0
BRDA:45,6,1,0
BRDA:51,7,0,0
BRDA:51,7,1,0
BRDA:60,8,0,0
BRDA:60,8,1,0
BRDA:61,9,0,0
BRDA:61,9,1,0
BRDA:62,10,0,0
BRDA:62,10,1,0
BRDA:63,11,0,0
BRDA:63,11,1,0
BRDA:64,12,0,0
BRDA:64,12,1,0
BRDA:65,13,0,0
BRDA:65,13,1,0
BRDA:76,14,0,0
BRDA:76,14,1,0
BRDA:83,15,0,0
BRDA:83,15,1,0
BRDA:84,16,0,0
BRDA:84,16,1,0
BRDA:111,17,0,4
BRDA:111,17,1,0
BRDA:114,18,0,3
BRDA:114,18,1,1
BRDA:127,19,0,0
BRDA:127,19,1,0
BRDA:143,20,0,1
BRDA:143,20,1,1
BRDA:159,21,0,0
BRDA:159,21,1,0
BRDA:171,22,0,0
BRDA:171,22,1,0
BRDA:175,23,0,0
BRDA:175,23,1,0
BRF:49
BRH:5
end_of_record
TN:
SF:src/validation/schemas.ts
FN:12,(anonymous_0)
FN:29,(anonymous_1)
FN:180,(anonymous_2)
FN:184,(anonymous_3)
FN:188,(anonymous_4)
FN:192,(anonymous_5)
FN:196,(anonymous_6)
FN:201,(anonymous_7)
FNF:8
FNH:3
FNDA:11,(anonymous_0)
FNDA:11,(anonymous_1)
FNDA:11,(anonymous_2)
FNDA:0,(anonymous_3)
FNDA:0,(anonymous_4)
FNDA:0,(anonymous_5)
FNDA:0,(anonymous_6)
FNDA:0,(anonymous_7)
DA:5,3
DA:12,3
DA:13,11
DA:14,11
DA:17,11
DA:18,4
DA:19,4
DA:23,3
DA:29,3
DA:30,11
DA:33,7
DA:36,0
DA:39,0
DA:40,0
DA:41,0
DA:43,0
DA:48,3
DA:57,3
DA:94,3
DA:100,3
DA:136,3
DA:145,3
DA:160,3
DA:180,3
DA:181,11
DA:184,3
DA:185,0
DA:188,3
DA:189,0
DA:192,3
DA:193,0
DA:196,3
DA:197,0
DA:201,3
DA:204,0
DA:206,0
DA:207,0
DA:208,0
DA:209,0
DA:210,0
DA:211,0
DA:212,0
DA:213,0
DA:214,0
DA:215,0
DA:216,0
DA:217,0
DA:218,0
DA:219,0
DA:220,0
DA:222,0
DA:226,3
LF:52
LH:26
BRDA:13,0,0,0
BRDA:13,0,1,11
BRDA:17,1,0,7
BRDA:17,1,1,4
BRDA:30,2,0,4
BRDA:30,2,1,7
BRDA:33,3,0,7
BRDA:33,3,1,0
BRDA:33,4,0,7
BRDA:33,4,1,0
BRDA:36,5,0,0
BRDA:36,5,1,0
BRDA:41,6,0,0
BRDA:41,6,1,0
BRDA:206,7,0,0
BRDA:206,7,1,0
BRDA:207,8,0,0
BRDA:207,8,1,0
BRDA:208,9,0,0
BRDA:208,9,1,0
BRDA:209,10,0,0
BRDA:209,10,1,0
BRDA:211,11,0,0
BRDA:211,11,1,0
BRDA:213,12,0,0
BRDA:213,12,1,0
BRDA:215,13,0,0
BRDA:215,13,1,0
BRDA:216,14,0,0
BRDA:216,14,1,0
BRDA:217,15,0,0
BRDA:217,15,1,0
BRDA:218,16,0,0
BRDA:218,16,1,0
BRDA:219,17,0,0
BRDA:219,17,1,0
BRF:36
BRH:7
end_of_record
